<?xml version="1.0" encoding="UTF-8"?>
<coverage generated="1748551525495" clover="3.2.0">
  <project timestamp="1748551525495" name="All files">
    <metrics statements="13" coveredstatements="13" conditionals="6" coveredconditionals="6" methods="2" coveredmethods="2" elements="21" coveredelements="21" complexity="0" loc="13" ncloc="13" packages="1" files="1" classes="1"/>
    <file name="auth.js" path="C:\Projetos\Photosphere\auth.js">
      <metrics statements="13" coveredstatements="13" conditionals="6" coveredconditionals="6" methods="2" coveredmethods="2"/>
      <line num="4" count="3" type="cond" truecount="2" falsecount="0"/>
      <line num="6" count="1" type="stmt"/>
      <line num="10" count="2" type="stmt"/>
      <line num="17" count="2" type="stmt"/>
      <line num="20" count="2" type="cond" truecount="2" falsecount="0"/>
      <line num="21" count="1" type="stmt"/>
      <line num="25" count="1" type="stmt"/>
      <line num="31" count="2" type="stmt"/>
      <line num="38" count="2" type="stmt"/>
      <line num="41" count="2" type="cond" truecount="2" falsecount="0"/>
      <line num="42" count="1" type="stmt"/>
      <line num="46" count="1" type="stmt"/>
      <line num="50" count="1" type="stmt"/>
    </file>
  </project>
</coverage>
